#
# There is insufficient memory for the Java Runtime Environment to continue.
# Native memory allocation (mmap) failed to map 134217728 bytes for Failed to commit area from 0x0000000081a00000 to 0x0000000089a00000 of length 134217728.
# Possible reasons:
#   The system is out of physical RAM or swap space
#   The process is running with CompressedOops enabled, and the Java Heap may be blocking the growth of the native heap
# Possible solutions:
#   Reduce memory load on the system
#   Increase physical memory or swap space
#   Check if swap backing store is full
#   Decrease Java heap size (-Xmx/-Xms)
#   Decrease number of Java threads
#   Decrease Java thread stack sizes (-Xss)
#   Set larger code cache with -XX:ReservedCodeCacheSize=
# This output file may be truncated or incomplete.
#
#  Out of Memory Error (c:/BuildAgent/work/494cbf65e275b67e/src/hotspot/os/windows/os_windows.cpp:3272), pid=6896, tid=22208
#
# JRE version:  (11.0.3+12) (build )
# Java VM: OpenJDK 64-Bit Server VM (11.0.3+12-b304.10, mixed mode, aot, sharing, tiered, compressed oops, g1 gc, windows-amd64)
# No core dump will be written. Minidumps are not enabled by default on client versions of Windows
#

---------------  S U M M A R Y ------------

Command Line: -javaagent:D:\IntelliJ IDEA Community Edition 2019.2\lib\idea_rt.jar=58760:D:\IntelliJ IDEA Community Edition 2019.2\bin -Dfile.encoding=UTF-8 Duke

Host: Intel(R) Core(TM) i7-7700HQ CPU @ 2.80GHz, 8 cores, 7G,  Windows 10 , 64 bit Build 17134 (10.0.17134.753)
Time: Tue Aug 20 00:08:30 2019 Malay Peninsula Standard Time elapsed time: 0 seconds (0d 0h 0m 0s)

---------------  T H R E A D  ---------------

Current thread (0x000001a0ceaf8000):  JavaThread "Unknown thread" [_thread_in_vm, id=22208, stack(0x0000002e16600000,0x0000002e16700000)]

Stack: [0x0000002e16600000,0x0000002e16700000]
Native frames: (J=compiled Java code, j=interpreted, Vv=VM code, C=native code)
V  [jvm.dll+0x5da77a]
V  [jvm.dll+0x70b9c9]
V  [jvm.dll+0x70cee8]
V  [jvm.dll+0x70d5b3]
V  [jvm.dll+0x23ddc8]
V  [jvm.dll+0x5d7ef4]
V  [jvm.dll+0x5ccfc5]
V  [jvm.dll+0x2fa44b]
V  [jvm.dll+0x2fa3ba]
V  [jvm.dll+0x2fa292]
V  [jvm.dll+0x2ff156]
V  [jvm.dll+0x3474c3]
V  [jvm.dll+0x347bc6]
V  [jvm.dll+0x3475c3]
V  [jvm.dll+0x2d4f68]
V  [jvm.dll+0x2d6107]
V  [jvm.dll+0x6eabf7]
V  [jvm.dll+0x6ec38c]
V  [jvm.dll+0x354c29]
V  [jvm.dll+0x6d28ae]
V  [jvm.dll+0x3bd363]
V  [jvm.dll+0x3bf7a1]
C  [java.exe+0x3763]
C  [java.exe+0x17a0c]
C  [KERNEL32.DLL+0x14034]
C  [ntdll.dll+0x73691]


---------------  P R O C E S S  ---------------

Threads class SMR info:
_java_thread_list=0x000001a0cc993a20, length=0, elements={
}

Java Threads: ( => current thread )

Other Threads:
  0x000001a0ceb11000 GCTaskThread "GC Thread#0" [stack: 0x0000002e16700000,0x0000002e16800000] [id=23832]
  0x000001a0ceb42000 ConcurrentGCThread "G1 Main Marker" [stack: 0x0000002e16800000,0x0000002e16900000] [id=17368]
  0x000001a0ceb43800 ConcurrentGCThread "G1 Conc#0" [stack: 0x0000002e16900000,0x0000002e16a00000] [id=22576]

[error occurred during error reporting (printing all threads), id 0xc0000005, EXCEPTION_ACCESS_VIOLATION (0xc0000005) at pc=0x00007ff9e0d85507]

VM state:not at safepoint (not fully initialized)

VM Mutex/Monitor currently owned by a thread:  ([mutex/lock_event])
[0x000001a0ceaf5a10] Heap_lock - owner thread: 0x000001a0ceaf8000

Heap address: 0x0000000081a00000, size: 2022 MB, Compressed Oops mode: Non-zero based: 0x0000000081a00000
Narrow klass base: 0x0000000000000000, Narrow klass shift: 0

GC Heap History (0 events):
No events

Deoptimization events (0 events):
No events

Classes redefined (0 events):
No events

Internal exceptions (0 events):
No events

Events (0 events):
No events


Dynamic libraries:
0x00007ff73d6e0000 - 0x00007ff73d727000 	D:\IntelliJ IDEA Community Edition 2019.2\jbr\bin\java.exe
0x00007ffa44db0000 - 0x00007ffa44f91000 	C:\WINDOWS\SYSTEM32\ntdll.dll
0x00007ffa44ac0000 - 0x00007ffa44b71000 	C:\WINDOWS\System32\KERNEL32.DLL
0x00007ffa41e90000 - 0x00007ffa42103000 	C:\WINDOWS\System32\KERNELBASE.dll
0x00007ffa44bf0000 - 0x00007ffa44d80000 	C:\WINDOWS\System32\USER32.dll
0x00007ffa41c80000 - 0x00007ffa41ca0000 	C:\WINDOWS\System32\win32u.dll
0x00007ffa444c0000 - 0x00007ffa444e8000 	C:\WINDOWS\System32\GDI32.dll
0x00007ffa41180000 - 0x00007ffa41311000 	C:\WINDOWS\System32\gdi32full.dll
0x00007ffa41be0000 - 0x00007ffa41c7f000 	C:\WINDOWS\System32\msvcp_win.dll
0x00007ffa41ae0000 - 0x00007ffa41bd8000 	C:\WINDOWS\System32\ucrtbase.dll
0x00007ffa34cf0000 - 0x00007ffa34f59000 	C:\WINDOWS\WinSxS\amd64_microsoft.windows.common-controls_6595b64144ccf1df_6.0.17134.885_none_fb42a3473065565f\COMCTL32.dll
0x00007ffa443b0000 - 0x00007ffa4444e000 	C:\WINDOWS\System32\msvcrt.dll
0x00007ffa43e60000 - 0x00007ffa44182000 	C:\WINDOWS\System32\combase.dll
0x00007ffa43bb0000 - 0x00007ffa43cd4000 	C:\WINDOWS\System32\RPCRT4.dll
0x00007ffa42110000 - 0x00007ffa42189000 	C:\WINDOWS\System32\bcryptPrimitives.dll
0x00007ffa437c0000 - 0x00007ffa437ed000 	C:\WINDOWS\System32\IMM32.DLL
0x00007ffa3f1c0000 - 0x00007ffa3f1d7000 	D:\IntelliJ IDEA Community Edition 2019.2\jbr\bin\vcruntime140.dll
0x00007ffa39ab0000 - 0x00007ffa39b4d000 	D:\IntelliJ IDEA Community Edition 2019.2\jbr\bin\msvcp140.dll
0x00007ff9e0aa0000 - 0x00007ff9e1557000 	D:\IntelliJ IDEA Community Edition 2019.2\jbr\bin\server\jvm.dll
0x00007ffa43ce0000 - 0x00007ffa43d81000 	C:\WINDOWS\System32\ADVAPI32.dll
0x00007ffa44940000 - 0x00007ffa4499b000 	C:\WINDOWS\System32\sechost.dll
0x00007ffa44b80000 - 0x00007ffa44b88000 	C:\WINDOWS\System32\PSAPI.DLL
0x00007ffa3b9f0000 - 0x00007ffa3b9f9000 	C:\WINDOWS\SYSTEM32\WSOCK32.dll
0x00007ffa39190000 - 0x00007ffa3919a000 	C:\WINDOWS\SYSTEM32\VERSION.dll
0x00007ffa3f100000 - 0x00007ffa3f123000 	C:\WINDOWS\SYSTEM32\WINMM.dll
0x00007ffa44450000 - 0x00007ffa444bc000 	C:\WINDOWS\System32\WS2_32.dll
0x00007ffa3f040000 - 0x00007ffa3f06a000 	C:\WINDOWS\SYSTEM32\winmmbase.dll
0x00007ffa41320000 - 0x00007ffa41369000 	C:\WINDOWS\System32\cfgmgr32.dll
0x00007ffa41140000 - 0x00007ffa41151000 	C:\WINDOWS\System32\kernel.appcore.dll
0x00007ffa3a830000 - 0x00007ffa3a841000 	D:\IntelliJ IDEA Community Edition 2019.2\jbr\bin\verify.dll
0x00007ffa3fc10000 - 0x00007ffa3fdd9000 	C:\WINDOWS\SYSTEM32\DBGHELP.DLL
0x00007ffa2e860000 - 0x00007ffa2e889000 	C:\WINDOWS\SYSTEM32\dbgcore.DLL
0x00007ffa3a800000 - 0x00007ffa3a829000 	D:\IntelliJ IDEA Community Edition 2019.2\jbr\bin\java.dll
0x00007ffa39a70000 - 0x00007ffa39aa4000 	D:\IntelliJ IDEA Community Edition 2019.2\jbr\bin\instrument.dll
0x00007ffa373e0000 - 0x00007ffa373f7000 	D:\IntelliJ IDEA Community Edition 2019.2\jbr\bin\zip.dll
0x00007ffa3ca60000 - 0x00007ffa3ca6b000 	D:\IntelliJ IDEA Community Edition 2019.2\jbr\bin\jimage.dll

dbghelp: loaded successfully - version: 4.0.5 - missing functions: none
symbol engine: initialized successfully - sym options: 0x614 - pdb path: .;D:\IntelliJ IDEA Community Edition 2019.2\jbr\bin;C:\WINDOWS\SYSTEM32;C:\WINDOWS\WinSxS\amd64_microsoft.windows.common-controls_6595b64144ccf1df_6.0.17134.885_none_fb42a3473065565f;D:\IntelliJ IDEA Community Edition 2019.2\jbr\bin\server

VM Arguments:
jvm_args: -javaagent:D:\IntelliJ IDEA Community Edition 2019.2\lib\idea_rt.jar=58760:D:\IntelliJ IDEA Community Edition 2019.2\bin -Dfile.encoding=UTF-8 
java_command: Duke
java_class_path (initial): D:\Desktop\duke\out\production\main
Launcher Type: SUN_STANDARD

[Global flags]
     intx CICompilerCount                          = 4                                         {product} {ergonomic}
     uint ConcGCThreads                            = 2                                         {product} {ergonomic}
     uint G1ConcRefinementThreads                  = 8                                         {product} {ergonomic}
   size_t G1HeapRegionSize                         = 1048576                                   {product} {ergonomic}
    uintx GCDrainStackTargetSize                   = 64                                        {product} {ergonomic}
   size_t InitialHeapSize                          = 134217728                                 {product} {ergonomic}
   size_t MarkStackSize                            = 4194304                                   {product} {ergonomic}
   size_t MaxHeapSize                              = 2120220672                                {product} {ergonomic}
   size_t MinHeapDeltaBytes                        = 1048576                                   {product} {ergonomic}
    uintx NonNMethodCodeHeapSize                   = 5835340                                {pd product} {ergonomic}
    uintx NonProfiledCodeHeapSize                  = 122911450                              {pd product} {ergonomic}
    uintx ProfiledCodeHeapSize                     = 122911450                              {pd product} {ergonomic}
    uintx ReservedCodeCacheSize                    = 251658240                              {pd product} {ergonomic}
     bool SegmentedCodeCache                       = true                                      {product} {ergonomic}
     bool UseCompressedClassPointers               = true                                 {lp64_product} {ergonomic}
     bool UseCompressedOops                        = true                                 {lp64_product} {ergonomic}
     bool UseG1GC                                  = true                                      {product} {ergonomic}
     bool UseLargePagesIndividualAllocation        = false                                  {pd product} {ergonomic}

Logging:
Log output configuration:
 #0: stdout all=warning uptime,level,tags
 #1: stderr all=off uptime,level,tags

Environment Variables:
PATH=D:\IntelliJ IDEA Community Edition 2019.2\jbr\\bin;D:\IntelliJ IDEA Community Edition 2019.2\jbr\\bin\server;C:\Program Files (x86)\Intel\iCLS Client\;C:\Program Files\Intel\iCLS Client\;C:\Windows\system32;C:\Windows;C:\Windows\System32\Wbem;C:\Windows\System32\WindowsPowerShell\v1.0\;C:\Program Files (x86)\Intel\Intel(R) Management Engine Components\DAL;C:\Program Files\Intel\Intel(R) Management Engine Components\DAL;C:\Program Files (x86)\Intel\Intel(R) Management Engine Components\IPT;C:\Program Files\Intel\Intel(R) Management Engine Components\IPT;C:\Program Files (x86)\NVIDIA Corporation\PhysX\Common;C:\WINDOWS\system32;C:\WINDOWS;C:\WINDOWS\System32\Wbem;C:\WINDOWS\System32\WindowsPowerShell\v1.0\;C:\WINDOWS\System32\OpenSSH\;C:\Program Files\Git\cmd;C:\Users\chenc\AppData\Local\Microsoft\WindowsApps;;C:\Program Files (x86)\SSH Communications Security\SSH Secure Shell
USERNAME=chenc
OS=Windows_NT
PROCESSOR_IDENTIFIER=Intel64 Family 6 Model 158 Stepping 9, GenuineIntel



---------------  S Y S T E M  ---------------

OS: Windows 10 , 64 bit Build 17134 (10.0.17134.753)

CPU:total 8 (initial active 8) (4 cores per cpu, 2 threads per core) family 6 model 158 stepping 9, cmov, cx8, fxsr, mmx, sse, sse2, sse3, ssse3, sse4.1, sse4.2, popcnt, avx, avx2, aes, clmul, erms, 3dnowpref, lzcnt, ht, tsc, tscinvbit, bmi1, bmi2, adx, fma

Memory: 4k page, system-wide physical 8084M (1312M free)
TotalPageFile size 10280M (AvailPageFile size 59M)
current process WorkingSet (physical memory assigned to process): 10M, peak: 10M
current process commit charge ("private bytes"): 60M, peak: 188M

vm_info: OpenJDK 64-Bit Server VM (11.0.3+12-b304.10) for windows-amd64 JRE (11.0.3+12-b304.10), built on Jun 25 2019 07:10:45 by "" with MS VC++ 14.0 (VS2015)

END.
